#
# There is insufficient memory for the Java Runtime Environment to continue.
# Native memory allocation (malloc) failed to allocate 36256 bytes for Chunk::new
# Possible reasons:
#   The system is out of physical RAM or swap space
#   In 32 bit mode, the process size limit was hit
# Possible solutions:
#   Reduce memory load on the system
#   Increase physical memory or swap space
#   Check if swap backing store is full
#   Use 64 bit Java on a 64 bit OS
#   Decrease Java heap size (-Xmx/-Xms)
#   Decrease number of Java threads
#   Decrease Java thread stack sizes (-Xss)
#   Set larger code cache with -XX:ReservedCodeCacheSize=
# This output file may be truncated or incomplete.
#
#  Out of Memory Error (allocation.cpp:390), pid=19808, tid=0x0000000000004dc0
#
# JRE version: Java(TM) SE Runtime Environment (8.0_161-b12) (build 1.8.0_161-b12)
# Java VM: Java HotSpot(TM) 64-Bit Server VM (25.161-b12 mixed mode windows-amd64 compressed oops)
# Failed to write core dump. Minidumps are not enabled by default on client versions of Windows
#

---------------  T H R E A D  ---------------

Current thread (0x0000000004bed800):  JavaThread "main" [_thread_in_native, id=19904, stack(0x0000000004ab0000,0x0000000004bb0000)]

Stack: [0x0000000004ab0000,0x0000000004bb0000]
[error occurred during error reporting (printing stack bounds), id 0xc0000005]

Native frames: (J=compiled Java code, j=interpreted, Vv=VM code, C=native code)

Java frames: (J=compiled Java code, j=interpreted, Vv=VM code)
j  java.lang.Class.forName0(Ljava/lang/String;ZLjava/lang/ClassLoader;Ljava/lang/Class;)Ljava/lang/Class;+0
j  java.lang.Class.forName(Ljava/lang/String;)Ljava/lang/Class;+11
j  java.awt.Toolkit$2.run()Ljava/lang/Void;+9
j  java.awt.Toolkit$2.run()Ljava/lang/Object;+1
v  ~StubRoutines::call_stub
j  java.security.AccessController.doPrivileged(Ljava/security/PrivilegedAction;)Ljava/lang/Object;+0
j  java.awt.Toolkit.getDefaultToolkit()Ljava/awt/Toolkit;+13
j  att.grappa.Grappa.<clinit>()V+569
v  ~StubRoutines::call_stub
j  att.grappa.Graph.<init>(Ljava/lang/String;ZZ)V+102
j  org.processmining.framework.models.ModelGraph.<init>(Ljava/lang/String;)V+4
j  org.processmining.framework.models.petrinet.PetriNet.<init>()V+3
j  com.modelrepair.util.PetriNetConversion.convert(Lorg/jbpt/petri/NetSystem;)Lorg/processmining/framework/models/petrinet/PetriNet;+4
j  com.modelrepair.repair.HighLevelOp.deleteOp(Ljava/util/ArrayList;Lorg/jbpt/petri/NetSystem;)Lorg/jbpt/petri/NetSystem;+43
j  com.modelrepair.ModelRepair.delete(Lorg/processmining/framework/log/LogReader;Lorg/jbpt/petri/NetSystem;)Ljava/util/ArrayList;+70
j  com.modelrepair.ModelRepair.repair(Lorg/processmining/framework/log/LogReader;Lorg/jbpt/petri/NetSystem;)V+38
j  com.modelrepair.ModelRepair.main([Ljava/lang/String;)V+53
v  ~StubRoutines::call_stub

---------------  P R O C E S S  ---------------

Java Threads: ( => current thread )
  0x0000000018254000 JavaThread "Service Thread" daemon [_thread_blocked, id=19568, stack(0x0000000018610000,0x0000000018710000)]
  0x0000000017126800 JavaThread "C1 CompilerThread1" daemon [_thread_blocked, id=19724, stack(0x0000000018110000,0x0000000018210000)]
  0x00000000170b9800 JavaThread "C2 CompilerThread0" daemon [_thread_blocked, id=20448, stack(0x0000000018010000,0x0000000018110000)]
  0x00000000170b8000 JavaThread "Attach Listener" daemon [_thread_blocked, id=20396, stack(0x0000000017f10000,0x0000000018010000)]
  0x000000001710f000 JavaThread "Signal Dispatcher" daemon [_thread_blocked, id=19128, stack(0x0000000017e10000,0x0000000017f10000)]
  0x0000000017098800 JavaThread "Finalizer" daemon [_thread_blocked, id=18880, stack(0x0000000017d10000,0x0000000017e10000)]
  0x0000000004cde800 JavaThread "Reference Handler" daemon [_thread_blocked, id=19464, stack(0x0000000017c10000,0x0000000017d10000)]
=>0x0000000004bed800 JavaThread "main" [_thread_in_native, id=19904, stack(0x0000000004ab0000,0x0000000004bb0000)]

Other Threads:
  0x0000000017076800 VMThread [stack: 0x0000000017b10000,0x0000000017c10000] [id=20440]
  0x0000000018260800 WatcherThread [stack: 0x0000000018710000,0x0000000018810000] [id=20436]

VM state:not at safepoint (normal execution)

VM Mutex/Monitor currently owned by a thread: None

Heap:
 PSYoungGen      total 18944K, used 1681K [0x00000000eb200000, 0x00000000ec700000, 0x0000000100000000)
  eden space 16384K, 10% used [0x00000000eb200000,0x00000000eb3a45b0,0x00000000ec200000)
  from space 2560K, 0% used [0x00000000ec200000,0x00000000ec200000,0x00000000ec480000)
  to   space 2560K, 0% used [0x00000000ec480000,0x00000000ec480000,0x00000000ec700000)
 ParOldGen       total 33280K, used 1664K [0x00000000c1600000, 0x00000000c3680000, 0x00000000eb200000)
  object space 33280K, 5% used [0x00000000c1600000,0x00000000c17a03e0,0x00000000c3680000)
 Metaspace       used 8476K, capacity 8686K, committed 8704K, reserved 1060864K
  class space    used 940K, capacity 1019K, committed 1024K, reserved 1048576K

Card table byte_map: [0x00000000140b0000,0x00000000142b0000] byte_map_base: 0x0000000013aa5000

Marking Bits: (ParMarkBitMap*) 0x000000007574f860
 Begin Bits: [0x0000000014600000, 0x00000000155a8000)
 End Bits:   [0x00000000155a8000, 0x0000000016550000)

Polling page: 0x00000000007d0000

CodeCache: size=245760Kb used=2937Kb max_used=2937Kb free=242822Kb
 bounds [0x0000000004cf0000, 0x0000000004fd0000, 0x0000000013cf0000]
 total_blobs=1049 nmethods=705 adapters=255
 compilation: disabled (not enough contiguous free space left)

Compilation events (10 events):
Event: 3.425 Thread 0x0000000017126800  700       3       java.util.AbstractCollection::addAll (42 bytes)
Event: 3.426 Thread 0x0000000017126800 nmethod 700 0x0000000004fc3110 code [0x0000000004fc32c0, 0x0000000004fc3818]
Event: 3.454 Thread 0x0000000017126800  701   !   3       java.util.zip.InflaterInputStream::read (138 bytes)
Event: 3.456 Thread 0x0000000017126800 nmethod 701 0x0000000004fc39d0 code [0x0000000004fc3c40, 0x0000000004fc4d28]
Event: 3.460 Thread 0x0000000017126800  703       3       sun.nio.cs.UTF_8$Decoder::decode (779 bytes)
Event: 3.470 Thread 0x0000000017126800 nmethod 703 0x0000000004fc59d0 code [0x0000000004fc6000, 0x0000000004fcaad8]
Event: 3.490 Thread 0x0000000017126800  705       3       sun.misc.PerfCounter::addElapsedTimeFrom (10 bytes)
Event: 3.491 Thread 0x0000000017126800 nmethod 705 0x0000000004fce690 code [0x0000000004fce840, 0x0000000004fcef98]
Event: 3.503 Thread 0x0000000017126800  706   !   3       java.util.WeakHashMap::expungeStaleEntries (139 bytes)
Event: 3.514 Thread 0x0000000017126800 


GC Heap History (10 events):
Event: 2.211 GC heap before
{Heap before GC invocations=2 (full 1):
 PSYoungGen      total 18944K, used 1640K [0x00000000eb200000, 0x00000000ec700000, 0x0000000100000000)
  eden space 16384K, 0% used [0x00000000eb200000,0x00000000eb200000,0x00000000ec200000)
  from space 2560K, 64% used [0x00000000ec200000,0x00000000ec39a160,0x00000000ec480000)
  to   space 2560K, 0% used [0x00000000ec480000,0x00000000ec480000,0x00000000ec700000)
 ParOldGen       total 44032K, used 0K [0x00000000c1600000, 0x00000000c4100000, 0x00000000eb200000)
  object space 44032K, 0% used [0x00000000c1600000,0x00000000c1600000,0x00000000c4100000)
 Metaspace       used 6963K, capacity 7080K, committed 7296K, reserved 1056768K
  class space    used 780K, capacity 826K, committed 896K, reserved 1048576K
Event: 2.270 GC heap after
Heap after GC invocations=2 (full 1):
 PSYoungGen      total 18944K, used 0K [0x00000000eb200000, 0x00000000ec700000, 0x0000000100000000)
  eden space 16384K, 0% used [0x00000000eb200000,0x00000000eb200000,0x00000000ec200000)
  from space 2560K, 0% used [0x00000000ec200000,0x00000000ec200000,0x00000000ec480000)
  to   space 2560K, 0% used [0x00000000ec480000,0x00000000ec480000,0x00000000ec700000)
 ParOldGen       total 44032K, used 1567K [0x00000000c1600000, 0x00000000c4100000, 0x00000000eb200000)
  object space 44032K, 3% used [0x00000000c1600000,0x00000000c1787de0,0x00000000c4100000)
 Metaspace       used 6963K, capacity 7080K, committed 7296K, reserved 1056768K
  class space    used 780K, capacity 826K, committed 896K, reserved 1048576K
}
Event: 2.682 GC heap before
{Heap before GC invocations=3 (full 1):
 PSYoungGen      total 18944K, used 1638K [0x00000000eb200000, 0x00000000ec700000, 0x0000000100000000)
  eden space 16384K, 10% used [0x00000000eb200000,0x00000000eb399ad8,0x00000000ec200000)
  from space 2560K, 0% used [0x00000000ec200000,0x00000000ec200000,0x00000000ec480000)
  to   space 2560K, 0% used [0x00000000ec480000,0x00000000ec480000,0x00000000ec700000)
 ParOldGen       total 44032K, used 1567K [0x00000000c1600000, 0x00000000c4100000, 0x00000000eb200000)
  object space 44032K, 3% used [0x00000000c1600000,0x00000000c1787de0,0x00000000c4100000)
 Metaspace       used 7846K, capacity 8040K, committed 8192K, reserved 1058816K
  class space    used 877K, capacity 954K, committed 1024K, reserved 1048576K
Event: 2.683 GC heap after
Heap after GC invocations=3 (full 1):
 PSYoungGen      total 18944K, used 368K [0x00000000eb200000, 0x00000000ec700000, 0x0000000100000000)
  eden space 16384K, 0% used [0x00000000eb200000,0x00000000eb200000,0x00000000ec200000)
  from space 2560K, 14% used [0x00000000ec480000,0x00000000ec4dc010,0x00000000ec700000)
  to   space 2560K, 0% used [0x00000000ec200000,0x00000000ec200000,0x00000000ec480000)
 ParOldGen       total 44032K, used 1575K [0x00000000c1600000, 0x00000000c4100000, 0x00000000eb200000)
  object space 44032K, 3% used [0x00000000c1600000,0x00000000c1789de0,0x00000000c4100000)
 Metaspace       used 7846K, capacity 8040K, committed 8192K, reserved 1058816K
  class space    used 877K, capacity 954K, committed 1024K, reserved 1048576K
}
Event: 2.683 GC heap before
{Heap before GC invocations=4 (full 2):
 PSYoungGen      total 18944K, used 368K [0x00000000eb200000, 0x00000000ec700000, 0x0000000100000000)
  eden space 16384K, 0% used [0x00000000eb200000,0x00000000eb200000,0x00000000ec200000)
  from space 2560K, 14% used [0x00000000ec480000,0x00000000ec4dc010,0x00000000ec700000)
  to   space 2560K, 0% used [0x00000000ec200000,0x00000000ec200000,0x00000000ec480000)
 ParOldGen       total 44032K, used 1575K [0x00000000c1600000, 0x00000000c4100000, 0x00000000eb200000)
  object space 44032K, 3% used [0x00000000c1600000,0x00000000c1789de0,0x00000000c4100000)
 Metaspace       used 7846K, capacity 8040K, committed 8192K, reserved 1058816K
  class space    used 877K, capacity 954K, committed 1024K, reserved 1048576K
Event: 2.712 GC heap after
Heap after GC invocations=4 (full 2):
 PSYoungGen      total 18944K, used 0K [0x00000000eb200000, 0x00000000ec700000, 0x0000000100000000)
  eden space 16384K, 0% used [0x00000000eb200000,0x00000000eb200000,0x00000000ec200000)
  from space 2560K, 0% used [0x00000000ec480000,0x00000000ec480000,0x00000000ec700000)
  to   space 2560K, 0% used [0x00000000ec200000,0x00000000ec200000,0x00000000ec480000)
 ParOldGen       total 44032K, used 1600K [0x00000000c1600000, 0x00000000c4100000, 0x00000000eb200000)
  object space 44032K, 3% used [0x00000000c1600000,0x00000000c17903c8,0x00000000c4100000)
 Metaspace       used 7846K, capacity 8040K, committed 8192K, reserved 1058816K
  class space    used 877K, capacity 954K, committed 1024K, reserved 1048576K
}
Event: 3.226 GC heap before
{Heap before GC invocations=5 (full 2):
 PSYoungGen      total 18944K, used 1311K [0x00000000eb200000, 0x00000000ec700000, 0x0000000100000000)
  eden space 16384K, 8% used [0x00000000eb200000,0x00000000eb347d68,0x00000000ec200000)
  from space 2560K, 0% used [0x00000000ec480000,0x00000000ec480000,0x00000000ec700000)
  to   space 2560K, 0% used [0x00000000ec200000,0x00000000ec200000,0x00000000ec480000)
 ParOldGen       total 44032K, used 1600K [0x00000000c1600000, 0x00000000c4100000, 0x00000000eb200000)
  object space 44032K, 3% used [0x00000000c1600000,0x00000000c17903c8,0x00000000c4100000)
 Metaspace       used 8001K, capacity 8104K, committed 8192K, reserved 1062912K
  class space    used 896K, capacity 954K, committed 1024K, reserved 1048576K
Event: 3.230 GC heap after
Heap after GC invocations=5 (full 2):
 PSYoungGen      total 18944K, used 224K [0x00000000eb200000, 0x00000000ec700000, 0x0000000100000000)
  eden space 16384K, 0% used [0x00000000eb200000,0x00000000eb200000,0x00000000ec200000)
  from space 2560K, 8% used [0x00000000ec200000,0x00000000ec238000,0x00000000ec480000)
  to   space 2560K, 0% used [0x00000000ec480000,0x00000000ec480000,0x00000000ec700000)
 ParOldGen       total 44032K, used 1608K [0x00000000c1600000, 0x00000000c4100000, 0x00000000eb200000)
  object space 44032K, 3% used [0x00000000c1600000,0x00000000c17923c8,0x00000000c4100000)
 Metaspace       used 8001K, capacity 8104K, committed 8192K, reserved 1062912K
  class space    used 896K, capacity 954K, committed 1024K, reserved 1048576K
}
Event: 3.230 GC heap before
{Heap before GC invocations=6 (full 3):
 PSYoungGen      total 18944K, used 224K [0x00000000eb200000, 0x00000000ec700000, 0x0000000100000000)
  eden space 16384K, 0% used [0x00000000eb200000,0x00000000eb200000,0x00000000ec200000)
  from space 2560K, 8% used [0x00000000ec200000,0x00000000ec238000,0x00000000ec480000)
  to   space 2560K, 0% used [0x00000000ec480000,0x00000000ec480000,0x00000000ec700000)
 ParOldGen       total 44032K, used 1608K [0x00000000c1600000, 0x00000000c4100000, 0x00000000eb200000)
  object space 44032K, 3% used [0x00000000c1600000,0x00000000c17923c8,0x00000000c4100000)
 Metaspace       used 8001K, capacity 8104K, committed 8192K, reserved 1062912K
  class space    used 896K, capacity 954K, committed 1024K, reserved 1048576K
Event: 3.263 GC heap after
Heap after GC invocations=6 (full 3):
 PSYoungGen      total 18944K, used 0K [0x00000000eb200000, 0x00000000ec700000, 0x0000000100000000)
  eden space 16384K, 0% used [0x00000000eb200000,0x00000000eb200000,0x00000000ec200000)
  from space 2560K, 0% used [0x00000000ec200000,0x00000000ec200000,0x00000000ec480000)
  to   space 2560K, 0% used [0x00000000ec480000,0x00000000ec480000,0x00000000ec700000)
 ParOldGen       total 33280K, used 1664K [0x00000000c1600000, 0x00000000c3680000, 0x00000000eb200000)
  object space 33280K, 5% used [0x00000000c1600000,0x00000000c17a03e0,0x00000000c3680000)
 Metaspace       used 8001K, capacity 8104K, committed 8192K, reserved 1060864K
  class space    used 896K, capacity 954K, committed 1024K, reserved 1048576K
}

Deoptimization events (0 events):
No events

Classes redefined (0 events):
No events

Internal exceptions (9 events):
Event: 0.348 Thread 0x0000000004bed800 Exception <a 'java/lang/NoSuchMethodError': Method sun.misc.Unsafe.defineClass(Ljava/lang/String;[BII)Ljava/lang/Class; name or signature does not match> (0x00000000eb207ca0) thrown at [C:\re\workspace\8-2-build-windows-amd64-cygwin\jdk8u161\10277\hotspot
Event: 0.348 Thread 0x0000000004bed800 Exception <a 'java/lang/NoSuchMethodError': Method sun.misc.Unsafe.prefetchRead(Ljava/lang/Object;J)V name or signature does not match> (0x00000000eb207f88) thrown at [C:\re\workspace\8-2-build-windows-amd64-cygwin\jdk8u161\10277\hotspot\src\share\vm\prim
Event: 1.458 Thread 0x0000000004bed800 Exception <a 'java/security/PrivilegedActionException'> (0x00000000eb53b428) thrown at [C:\re\workspace\8-2-build-windows-amd64-cygwin\jdk8u161\10277\hotspot\src\share\vm\prims\jvm.cpp, line 1390]
Event: 1.458 Thread 0x0000000004bed800 Exception <a 'java/security/PrivilegedActionException'> (0x00000000eb53b638) thrown at [C:\re\workspace\8-2-build-windows-amd64-cygwin\jdk8u161\10277\hotspot\src\share\vm\prims\jvm.cpp, line 1390]
Event: 1.460 Thread 0x0000000004bed800 Exception <a 'java/security/PrivilegedActionException'> (0x00000000eb53f548) thrown at [C:\re\workspace\8-2-build-windows-amd64-cygwin\jdk8u161\10277\hotspot\src\share\vm\prims\jvm.cpp, line 1390]
Event: 1.460 Thread 0x0000000004bed800 Exception <a 'java/security/PrivilegedActionException'> (0x00000000eb53f758) thrown at [C:\re\workspace\8-2-build-windows-amd64-cygwin\jdk8u161\10277\hotspot\src\share\vm\prims\jvm.cpp, line 1390]
Event: 1.939 Thread 0x0000000004bed800 Exception <a 'java/lang/NoSuchFieldError': method resolution failed> (0x00000000eb713a18) thrown at [C:\re\workspace\8-2-build-windows-amd64-cygwin\jdk8u161\10277\hotspot\src\share\vm\prims\methodHandles.cpp, line 1167]
Event: 1.954 Thread 0x0000000004bed800 Exception <a 'java/lang/NoSuchFieldError': method resolution failed> (0x00000000eb720d58) thrown at [C:\re\workspace\8-2-build-windows-amd64-cygwin\jdk8u161\10277\hotspot\src\share\vm\prims\methodHandles.cpp, line 1167]
Event: 2.122 Thread 0x0000000004bed800 Exception <a 'java/io/FileNotFoundException'> (0x00000000eb7ef058) thrown at [C:\re\workspace\8-2-build-windows-amd64-cygwin\jdk8u161\10277\hotspot\src\share\vm\prims\jni.cpp, line 709]

Events (10 events):
Event: 3.521 loading class java/awt/font/FontRenderContext
Event: 3.522 loading class java/awt/font/FontRenderContext done
Event: 3.522 loading class att/grappa/Grappa
Event: 3.522 loading class att/grappa/Grappa done
Event: 3.524 loading class java/awt/AWTError
Event: 3.524 loading class java/awt/AWTError done
Event: 3.529 loading class java/awt/Toolkit$2
Event: 3.530 loading class java/awt/Toolkit$2 done
Event: 3.530 loading class sun/awt/windows/WToolkit
Event: 3.532 loading class sun/awt/SunToolkit


Dynamic libraries:
0x00007ff772070000 - 0x00007ff7720a7000 	C:\Program Files\Java\jdk1.8.0_161\bin\javaw.exe
0x00007ff8e4d00000 - 0x00007ff8e4ee0000 	C:\WINDOWS\SYSTEM32\ntdll.dll
0x00007ff8e2e00000 - 0x00007ff8e2eae000 	C:\WINDOWS\System32\KERNEL32.DLL
0x00007ff8e1ec0000 - 0x00007ff8e2126000 	C:\WINDOWS\System32\KERNELBASE.dll
0x00007ff8e2d50000 - 0x00007ff8e2df1000 	C:\WINDOWS\System32\ADVAPI32.dll
0x00007ff8e2fa0000 - 0x00007ff8e303d000 	C:\WINDOWS\System32\msvcrt.dll
0x00007ff8e22e0000 - 0x00007ff8e233b000 	C:\WINDOWS\System32\sechost.dll
0x00007ff8e2c10000 - 0x00007ff8e2d2f000 	C:\WINDOWS\System32\RPCRT4.dll
0x00007ff8e3310000 - 0x00007ff8e349f000 	C:\WINDOWS\System32\USER32.dll
0x00007ff8e1ea0000 - 0x00007ff8e1ec0000 	C:\WINDOWS\System32\win32u.dll
0x00007ff8e3040000 - 0x00007ff8e3068000 	C:\WINDOWS\System32\GDI32.dll
0x00007ff8e1d00000 - 0x00007ff8e1e93000 	C:\WINDOWS\System32\gdi32full.dll
0x00007ff8e2130000 - 0x00007ff8e21cb000 	C:\WINDOWS\System32\msvcp_win.dll
0x00007ff8e1b50000 - 0x00007ff8e1c46000 	C:\WINDOWS\System32\ucrtbase.dll
0x00007ff8d7610000 - 0x00007ff8d7879000 	C:\WINDOWS\WinSxS\amd64_microsoft.windows.common-controls_6595b64144ccf1df_6.0.16299.192_none_15c8cdae9364c23b\COMCTL32.dll
0x00007ff8e49c0000 - 0x00007ff8e4cc8000 	C:\WINDOWS\System32\combase.dll
0x00007ff8e1100000 - 0x00007ff8e1172000 	C:\WINDOWS\System32\bcryptPrimitives.dll
0x00007ff8e2eb0000 - 0x00007ff8e2edd000 	C:\WINDOWS\System32\IMM32.DLL
0x0000000074e50000 - 0x0000000074f22000 	C:\Program Files\Java\jdk1.8.0_161\jre\bin\msvcr100.dll
0x0000000074f30000 - 0x00000000757cf000 	C:\Program Files\Java\jdk1.8.0_161\jre\bin\server\jvm.dll
0x00007ff8e2340000 - 0x00007ff8e2348000 	C:\WINDOWS\System32\PSAPI.DLL
0x00007ff8dddc0000 - 0x00007ff8dddc9000 	C:\WINDOWS\SYSTEM32\WSOCK32.dll
0x00007ff8e2a60000 - 0x00007ff8e2acc000 	C:\WINDOWS\System32\WS2_32.dll
0x00007ff8de200000 - 0x00007ff8de223000 	C:\WINDOWS\SYSTEM32\WINMM.dll
0x00007ff8dbbd0000 - 0x00007ff8dbbda000 	C:\WINDOWS\SYSTEM32\VERSION.dll
0x00007ff8de1a0000 - 0x00007ff8de1ca000 	C:\WINDOWS\SYSTEM32\WINMMBASE.dll
0x00007ff8e11e0000 - 0x00007ff8e122a000 	C:\WINDOWS\System32\cfgmgr32.dll
0x0000000074e40000 - 0x0000000074e4f000 	C:\Program Files\Java\jdk1.8.0_161\jre\bin\verify.dll
0x0000000074e10000 - 0x0000000074e39000 	C:\Program Files\Java\jdk1.8.0_161\jre\bin\java.dll
0x0000000074df0000 - 0x0000000074e06000 	C:\Program Files\Java\jdk1.8.0_161\jre\bin\zip.dll
0x00007ff8e3500000 - 0x00007ff8e4936000 	C:\WINDOWS\System32\SHELL32.dll
0x00007ff8e2ee0000 - 0x00007ff8e2f86000 	C:\WINDOWS\System32\shcore.dll
0x00007ff8e1230000 - 0x00007ff8e1977000 	C:\WINDOWS\System32\windows.storage.dll
0x00007ff8e3070000 - 0x00007ff8e30c1000 	C:\WINDOWS\System32\shlwapi.dll
0x00007ff8e1070000 - 0x00007ff8e1081000 	C:\WINDOWS\System32\kernel.appcore.dll
0x00007ff8e10b0000 - 0x00007ff8e10fc000 	C:\WINDOWS\System32\powrprof.dll
0x00007ff8e1050000 - 0x00007ff8e106b000 	C:\WINDOWS\System32\profapi.dll
0x00007ff8e0ab0000 - 0x00007ff8e0ac7000 	C:\WINDOWS\SYSTEM32\CRYPTSP.dll
0x00007ff8e04f0000 - 0x00007ff8e0523000 	C:\WINDOWS\system32\rsaenh.dll
0x00007ff8e0bb0000 - 0x00007ff8e0bd5000 	C:\WINDOWS\SYSTEM32\bcrypt.dll
0x00007ff8e0f80000 - 0x00007ff8e0fa9000 	C:\WINDOWS\SYSTEM32\USERENV.dll
0x00007ff8e0aa0000 - 0x00007ff8e0aab000 	C:\WINDOWS\SYSTEM32\CRYPTBASE.dll
0x0000000074dd0000 - 0x0000000074dea000 	C:\Program Files\Java\jdk1.8.0_161\jre\bin\net.dll
0x00007ff8e08e0000 - 0x00007ff8e0946000 	C:\WINDOWS\system32\mswsock.dll
0x00007ff8e0670000 - 0x00007ff8e06a9000 	C:\WINDOWS\SYSTEM32\IPHLPAPI.DLL
0x00007ff8e2c00000 - 0x00007ff8e2c08000 	C:\WINDOWS\System32\NSI.dll
0x00007ff8d95a0000 - 0x00007ff8d95b6000 	C:\WINDOWS\SYSTEM32\dhcpcsvc6.DLL
0x00007ff8d9700000 - 0x00007ff8d971a000 	C:\WINDOWS\SYSTEM32\dhcpcsvc.DLL
0x0000000074db0000 - 0x0000000074dc1000 	C:\Program Files\Java\jdk1.8.0_161\jre\bin\nio.dll
0x0000000075e50000 - 0x0000000075fe8000 	C:\Program Files\Java\jdk1.8.0_161\jre\bin\awt.dll
0x00007ff8e2ad0000 - 0x00007ff8e2b95000 	C:\WINDOWS\System32\OLEAUT32.dll
0x00007ff8df5e0000 - 0x00007ff8df668000 	C:\WINDOWS\SYSTEM32\apphelp.dll

VM Arguments:
jvm_args: -Dfile.encoding=UTF-8 
java_command: com.modelrepair.ModelRepair
java_class_path (initial): C:\workspace2\ModelRepair\bin;C:\workspace2\ModelRepair\lib\bp.jar;C:\workspace2\ModelRepair\lib\jbpt.jar;C:\workspace2\ModelRepair\lib\commons-math3-3.5.jar;C:\workspace2\ModelRepair\lib\serendip_Prom_9_0.jar;C:\workspace2\ModelRepair\lib\slickerbox0.5.jar;C:\workspace2\ModelRepair\lib\AlphaPPProcessMiner.jar;C:\workspace2\ModelRepair\lib\colt.jar;C:\workspace2\ModelRepair\lib\kaon2.jar;C:\workspace2\ModelRepair\lib\prom5.2.jar
Launcher Type: SUN_STANDARD

Environment Variables:
JAVA_HOME=C:\Program Files\Java\jdk1.8.0_161
PATH=C:/Program Files/Java/jdk1.8.0_161/bin/../jre/bin/server;C:/Program Files/Java/jdk1.8.0_161/bin/../jre/bin;C:/Program Files/Java/jdk1.8.0_161/bin/../jre/lib/amd64;C:\Program Files\Java\jdk1.8.0_161\bin;C:\WINDOWS\system32;C:\WINDOWS;C:\WINDOWS\System32\Wbem;C:\WINDOWS\System32\WindowsPowerShell\v1.0\;C:\Program Files (x86)\ATI Technologies\ATI.ACE\Core-Static;C:\Program Files\Java\jdk1.8.0_161\jre\bin;C:\Program Files\Git\cmd;C:\Users\wyj\AppData\Local\Microsoft\WindowsApps;;C:\Users\wyj\Desktop;
USERNAME=wyj
OS=Windows_NT
PROCESSOR_IDENTIFIER=Intel64 Family 6 Model 42 Stepping 7, GenuineIntel



---------------  S Y S T E M  ---------------

OS: Windows 10.0 , 64 bit Build 16299 (10.0.16299.15)

CPU:total 2 (initial active 2) (2 cores per cpu, 2 threads per core) family 6 model 42 stepping 7, cmov, cx8, fxsr, mmx, sse, sse2, sse3, ssse3, sse4.1, sse4.2, popcnt, avx, aes, clmul, ht, tsc, tscinvbit

Memory: 4k page, physical 4099972k(174704k free), swap 16682884k(0k free)

vm_info: Java HotSpot(TM) 64-Bit Server VM (25.161-b12) for windows-amd64 JRE (1.8.0_161-b12), built on Dec 19 2017 17:52:25 by "java_re" with MS VC++ 10.0 (VS2010)

time: Mon Mar 12 23:47:54 2018
elapsed time: 3 seconds (0d 0h 0m 3s)

